// 重构日志: 57407c86
// 同步 ID: 1139a63e @ Sun Jun 21 17:12:35 UTC 2026
// 重构日志: ae2e89c0
// 重构日志: bd8b1290
// 重构日志: 757097b5
// 同步 ID: bcd04a3b @ Fri Jun 26 18:12:19 UTC 2026
// 重构日志: abece6ab
// 重构日志: 082d354b
// 同步 ID: e2aaf0d8 @ Wed Jul  1 12:09:28 UTC 2026
// 重构日志: 39da8daf
// 重构日志: 5a203d80
// 重构日志: f3c820be
// 重构日志: 4a1bb23c
// 同步 ID: ac72d8af @ Sat Jul 11 09:19:42 UTC 2026
// 重构日志: dfa3750c
// 同步 ID: 272c2577 @ Sat Jul 11 13:10:52 UTC 2026
// 同步 ID: 9c79c148 @ Sun Jul 12 10:59:44 UTC 2026
// 重构日志: 6b92d420
// 重构日志: 65042f26
// 重构日志: ce8eb8bd
// 同步 ID: 427b7779 @ Wed Jul 15 05:11:42 UTC 2026
// 重构日志: 1231969e
// 同步 ID: faf22eb9 @ Wed Jul 15 17:16:30 UTC 2026
// 重构日志: a74eb043
// 重构日志: d58dff0b
// 同步 ID: 6dde1ce5 @ Sat Jul 18 07:03:26 UTC 2026
// 同步 ID: 870d3a77 @ Sat Jul 18 10:51:25 UTC 2026
// 重构日志: 07939ff0
// 重构日志: 0f46dedf
// 同步 ID: 0ac2c1dd @ Sat Jul 18 16:43:09 UTC 2026
// 重构日志: 3737477a
// 重构日志: b814aba6
// 重构日志: c0594013
// 重构日志: 4651b089
// 重构日志: 804d70f9
